<?xml version="1.0" encoding="UTF-8"?>
<testng-results skipped="0" failed="0" ignored="0" total="1" passed="1">
  <reporter-output>
  </reporter-output>
  <suite name="Default suite" duration-ms="34384" started-at="2019-06-15T20:54:11Z" finished-at="2019-06-15T20:54:46Z">
    <groups>
    </groups>
    <test name="Default test" duration-ms="34384" started-at="2019-06-15T20:54:11Z" finished-at="2019-06-15T20:54:46Z">
      <class name="TestNG.NewTest">
        <test-method status="PASS" signature="verify()[pri:0, instance:TestNG.NewTest@51081592]" name="verify" duration-ms="34356" started-at="2019-06-15T20:54:11Z" finished-at="2019-06-15T20:54:46Z">
          <reporter-output>
          </reporter-output>
        </test-method> <!-- verify -->
      </class> <!-- TestNG.NewTest -->
    </test> <!-- Default test -->
  </suite> <!-- Default suite -->
</testng-results>
