<?xml version="1.0" encoding="UTF-8"?>
<testng-results skipped="0" failed="0" total="1" passed="1">
  <reporter-output>
  </reporter-output>
  <suite name="Default suite" duration-ms="34620" started-at="2019-06-15T22:13:27Z" finished-at="2019-06-15T22:14:02Z">
    <groups>
    </groups>
    <test name="Default test" duration-ms="34620" started-at="2019-06-15T22:13:27Z" finished-at="2019-06-15T22:14:02Z">
      <class name="TestNG.verify">
        <test-method status="PASS" signature="verifyadd()[pri:0, instance:TestNG.verify@42d80b78]" name="verifyadd" duration-ms="34601" started-at="2019-06-16T03:43:27Z" finished-at="2019-06-16T03:44:02Z">
          <reporter-output>
          </reporter-output>
        </test-method> <!-- verifyadd -->
      </class> <!-- TestNG.verify -->
    </test> <!-- Default test -->
  </suite> <!-- Default suite -->
</testng-results>
